*** Starting uWSGI 2.0.18 (64bit) on [Fri Sep 13 15:10:07 2019] ***
compiled with version: 7.4.0 on 12 September 2019 13:49:51
os: Linux-4.15.0-60-generic #67-Ubuntu SMP Thu Aug 22 16:55:30 UTC 2019
nodename: VM-0-7-ubuntu
machine: x86_64
clock source: unix
detected number of CPU cores: 1
current working directory: /home/ubuntu/workstudio/20190905_flasktest
detected binary path: /home/ubuntu/.local/bin/uwsgi
!!! no internal routing support, rebuild with pcre support !!!
chdir() to /home/ubuntu/workstudio/20190905_flasktest
your processes number limit is 3697
your memory page size is 4096 bytes
detected max file descriptor number: 1024
lock engine: pthread robust mutexes
thunder lock: disabled (you can enable it with --thunder-lock)
uwsgi socket 0 bound to UNIX address /home/ubuntu/workstudio/20190905_flasktest/weixin_uwsgi.sock fd 3
Python version: 3.6.8 (default, Aug 20 2019, 17:12:48)  [GCC 8.3.0]
*** Python threads support is disabled. You can enable it with --enable-threads ***
Python main interpreter initialized at 0x5570180041f0
your server socket listen backlog is limited to 100 connections
your mercy for graceful operations on workers is 60 seconds
mapped 364520 bytes (355 KB) for 4 cores
*** Operational MODE: preforking ***
WSGI app 0 (mountpoint='') ready in 0 seconds on interpreter 0x5570180041f0 pid: 31056 (default app)
*** uWSGI is running in multiple interpreter mode ***
spawned uWSGI master process (pid: 31056)
spawned uWSGI worker 1 (pid: 31061, cores: 1)
spawned uWSGI worker 2 (pid: 31062, cores: 1)
spawned uWSGI worker 3 (pid: 31063, cores: 1)
spawned uWSGI worker 4 (pid: 31064, cores: 1)
